  matrix.cpp
c:\users\jin lianyuan\documents\visual studio 2015\projects\numerical calculation\numerical calculation\matrix.cpp(255): warning C4101: “k”: 未引用的局部变量
  NAlib.cpp
c:\users\jin lianyuan\documents\visual studio 2015\projects\numerical calculation\numerical calculation\nalib.cpp(22): warning C4018: “<”: 有符号/无符号不匹配
c:\users\jin lianyuan\documents\visual studio 2015\projects\numerical calculation\numerical calculation\nalib.cpp(31): warning C4018: “<”: 有符号/无符号不匹配
c:\users\jin lianyuan\documents\visual studio 2015\projects\numerical calculation\numerical calculation\nalib.cpp(8): warning C4101: “k”: 未引用的局部变量
c:\users\jin lianyuan\documents\visual studio 2015\projects\numerical calculation\numerical calculation\nalib.cpp(8): warning C4101: “j”: 未引用的局部变量
c:\users\jin lianyuan\documents\visual studio 2015\projects\numerical calculation\numerical calculation\nalib.cpp(148): warning C4101: “k”: 未引用的局部变量
c:\users\jin lianyuan\documents\visual studio 2015\projects\numerical calculation\numerical calculation\nalib.cpp(148): warning C4101: “j”: 未引用的局部变量
c:\users\jin lianyuan\documents\visual studio 2015\projects\numerical calculation\numerical calculation\nalib.cpp(192): warning C4101: “k”: 未引用的局部变量
  正在生成代码...
c:\users\jin lianyuan\documents\visual studio 2015\projects\numerical calculation\numerical calculation\nalib.cpp(129): warning C4715: “GetOperand”: 不是所有的控件路径都返回值
c:\users\jin lianyuan\documents\visual studio 2015\projects\numerical calculation\numerical calculation\nalib.cpp(117): warning C4715: “GetOperator”: 不是所有的控件路径都返回值
c:\users\jin lianyuan\documents\visual studio 2015\projects\numerical calculation\numerical calculation\nalib.cpp(352): warning C4715: “Steffensen”: 不是所有的控件路径都返回值
  正在编译...
  vector.cpp
  polynomial.cpp
  point.cpp
c:\users\jin lianyuan\documents\visual studio 2015\projects\numerical calculation\numerical calculation\point.cpp(103): warning C4018: “<”: 有符号/无符号不匹配
  main.cpp
  正在生成代码...
  Numerical Calculation.vcxproj -> C:\Users\Jin Lianyuan\documents\visual studio 2015\Projects\Numerical Calculation\Debug\Numerical Calculation.exe
  Numerical Calculation.vcxproj -> C:\Users\Jin Lianyuan\documents\visual studio 2015\Projects\Numerical Calculation\Debug\Numerical Calculation.pdb (Full PDB)
